<?xml version="1.0" encoding="UTF-8"?>
<!-- Generated by org.testng.reporters.JUnitReportReporter -->
<testsuite skipped="0" hostname="Anastasiyas-MacBook-Pro.local" name="scripts.TechGlobalResetPasswordTest" tests="2" failures="0" timestamp="2023-01-22T20:09:03 CST" time="21.455" errors="0">
  <testcase name="validateForgotPasswordLink" time="9.881" classname="scripts.TechGlobalResetPasswordTest"/>
  <system-out/>
  <testcase name="validateResetPasswordLink" time="11.574" classname="scripts.TechGlobalResetPasswordTest"/>
  <system-out/>
</testsuite> <!-- scripts.TechGlobalResetPasswordTest -->
