<?xml version="1.0" encoding="UTF-8"?>
<!-- Generated by org.testng.reporters.JUnitReportReporter -->
<testsuite skipped="0" hostname="Anastasiyas-MBP.local.tld" name="scripts.TechGlobalLoginFormCardTest" tests="6" failures="0" timestamp="2023-01-23T17:14:41 CST" time="73.055" errors="0">
  <testcase name="validateLoginFormCard" time="14.781" classname="scripts.TechGlobalLoginFormCardTest"/>
  <system-out/>
  <testcase name="validateLoginWithValidCredentials" time="12.074" classname="scripts.TechGlobalLoginFormCardTest"/>
  <system-out/>
  <testcase name="validateLoginWithValidCredentialsAndThanLogout" time="12.409" classname="scripts.TechGlobalLoginFormCardTest"/>
  <system-out/>
  <testcase name="validateLoginWithWrongUsername" time="10.735" classname="scripts.TechGlobalLoginFormCardTest"/>
  <system-out/>
  <testcase name="validateLoginWithValidUsernameAndInvalidPassword" time="11.910" classname="scripts.TechGlobalLoginFormCardTest"/>
  <system-out/>
  <testcase name="validateLoginWithInvalidCredentials" time="11.146" classname="scripts.TechGlobalLoginFormCardTest"/>
  <system-out/>
</testsuite> <!-- scripts.TechGlobalLoginFormCardTest -->
