<?xml version="1.0" encoding="UTF-8"?>
<!-- Generated by org.testng.reporters.JUnitReportReporter -->
<testsuite skipped="0" hostname="Anastasiyas-MacBook-Pro.local" name="scripts.TechGlobalResetPasswordTest" tests="2" failures="0" timestamp="2023-01-22T20:36:46 CST" time="21.786" errors="0">
  <testcase name="validateForgotPasswordLink" time="10.376" classname="scripts.TechGlobalResetPasswordTest"/>
  <system-out/>
  <testcase name="validateResetPasswordLink" time="11.410" classname="scripts.TechGlobalResetPasswordTest"/>
  <system-out/>
</testsuite> <!-- scripts.TechGlobalResetPasswordTest -->
