<?xml version="1.0" encoding="UTF-8"?>
<!-- Generated by org.testng.reporters.JUnitReportReporter -->
<testsuite skipped="0" hostname="Anastasiyas-MacBook-Pro.local" name="scripts.TechGlobalLoginFormCardTest" tests="6" failures="0" timestamp="2023-01-22T20:09:03 CST" time="69.341" errors="0">
  <testcase name="validateLoginFormCard" time="11.553" classname="scripts.TechGlobalLoginFormCardTest"/>
  <system-out/>
  <testcase name="validateLoginWithValidCredentials" time="12.699" classname="scripts.TechGlobalLoginFormCardTest"/>
  <system-out/>
  <testcase name="validateLoginWithValidCredentialsAndThanLogout" time="12.241" classname="scripts.TechGlobalLoginFormCardTest"/>
  <system-out/>
  <testcase name="validateLoginWithWrongUsername" time="10.058" classname="scripts.TechGlobalLoginFormCardTest"/>
  <system-out/>
  <testcase name="validateLoginWithValidUsernameAndInvalidPassword" time="11.167" classname="scripts.TechGlobalLoginFormCardTest"/>
  <system-out/>
  <testcase name="validateLoginWithInvalidCredentials" time="11.623" classname="scripts.TechGlobalLoginFormCardTest"/>
  <system-out/>
</testsuite> <!-- scripts.TechGlobalLoginFormCardTest -->
