<?xml version="1.0" encoding="UTF-8"?>
<!-- Generated by org.testng.reporters.JUnitReportReporter -->
<testsuite skipped="0" hostname="Anastasiyas-MBP.local.tld" name="scripts.TechGlobalResetPasswordTest" tests="2" failures="0" timestamp="2023-01-23T17:14:41 CST" time="22.298" errors="0">
  <testcase name="validateForgotPasswordLink" time="10.101" classname="scripts.TechGlobalResetPasswordTest"/>
  <system-out/>
  <testcase name="validateResetPasswordLink" time="12.197" classname="scripts.TechGlobalResetPasswordTest"/>
  <system-out/>
</testsuite> <!-- scripts.TechGlobalResetPasswordTest -->
