<?xml version="1.0" encoding="UTF-8"?>
<!-- Generated by org.testng.reporters.JUnitReportReporter -->
<testsuite skipped="0" hostname="Anastasiyas-MacBook-Pro.local" name="scripts.TechGlobalLoginFormCardTest" tests="6" failures="0" timestamp="2023-01-22T20:36:46 CST" time="70.725" errors="0">
  <testcase name="validateLoginFormCard" time="10.857" classname="scripts.TechGlobalLoginFormCardTest"/>
  <system-out/>
  <testcase name="validateLoginWithValidCredentials" time="13.936" classname="scripts.TechGlobalLoginFormCardTest"/>
  <system-out/>
  <testcase name="validateLoginWithValidCredentialsAndThanLogout" time="12.301" classname="scripts.TechGlobalLoginFormCardTest"/>
  <system-out/>
  <testcase name="validateLoginWithWrongUsername" time="12.177" classname="scripts.TechGlobalLoginFormCardTest"/>
  <system-out/>
  <testcase name="validateLoginWithValidUsernameAndInvalidPassword" time="10.514" classname="scripts.TechGlobalLoginFormCardTest"/>
  <system-out/>
  <testcase name="validateLoginWithInvalidCredentials" time="10.940" classname="scripts.TechGlobalLoginFormCardTest"/>
  <system-out/>
</testsuite> <!-- scripts.TechGlobalLoginFormCardTest -->
